Started GET "/" for ::1 at 2022-01-21 11:39:00 -0700
  [1m[35m (28.1ms)[0m  [1m[35mCREATE TABLE "schema_migrations" ("version" character varying NOT NULL PRIMARY KEY)[0m
  [1m[35m (4.4ms)[0m  [1m[35mCREATE TABLE "ar_internal_metadata" ("key" character varying NOT NULL PRIMARY KEY, "value" character varying, "created_at" timestamp(6) NOT NULL, "updated_at" timestamp(6) NOT NULL)[0m
  [1m[35m (0.6ms)[0m  [1m[34mSELECT "schema_migrations"."version" FROM "schema_migrations" ORDER BY "schema_migrations"."version" ASC[0m
  
ActiveRecord::PendingMigrationError (

Migrations are pending. To resolve this issue, run:

        bin/rails db:migrate RAILS_ENV=development

You have 1 pending migration:

20220121162353_create_users.rb


):
  
activerecord (6.1.3.2) lib/active_record/migration.rb:625:in `check_pending!'
activerecord (6.1.3.2) lib/active_record/migration.rb:590:in `block (2 levels) in call'
activesupport (6.1.3.2) lib/active_support/evented_file_update_checker.rb:59:in `execute'
activerecord (6.1.3.2) lib/active_record/migration.rb:595:in `block in call'
activerecord (6.1.3.2) lib/active_record/migration.rb:587:in `synchronize'
activerecord (6.1.3.2) lib/active_record/migration.rb:587:in `call'
actionpack (6.1.3.2) lib/action_dispatch/middleware/callbacks.rb:27:in `block in call'
activesupport (6.1.3.2) lib/active_support/callbacks.rb:98:in `run_callbacks'
actionpack (6.1.3.2) lib/action_dispatch/middleware/callbacks.rb:26:in `call'
actionpack (6.1.3.2) lib/action_dispatch/middleware/executor.rb:14:in `call'
actionpack (6.1.3.2) lib/action_dispatch/middleware/actionable_exceptions.rb:18:in `call'
actionpack (6.1.3.2) lib/action_dispatch/middleware/debug_exceptions.rb:29:in `call'
actionpack (6.1.3.2) lib/action_dispatch/middleware/show_exceptions.rb:33:in `call'
railties (6.1.3.2) lib/rails/rack/logger.rb:37:in `call_app'
railties (6.1.3.2) lib/rails/rack/logger.rb:26:in `block in call'
activesupport (6.1.3.2) lib/active_support/tagged_logging.rb:99:in `block in tagged'
activesupport (6.1.3.2) lib/active_support/tagged_logging.rb:37:in `tagged'
activesupport (6.1.3.2) lib/active_support/tagged_logging.rb:99:in `tagged'
railties (6.1.3.2) lib/rails/rack/logger.rb:26:in `call'
actionpack (6.1.3.2) lib/action_dispatch/middleware/remote_ip.rb:81:in `call'
actionpack (6.1.3.2) lib/action_dispatch/middleware/request_id.rb:26:in `call'
rack (2.2.3) lib/rack/runtime.rb:22:in `call'
activesupport (6.1.3.2) lib/active_support/cache/strategy/local_cache_middleware.rb:29:in `call'
actionpack (6.1.3.2) lib/action_dispatch/middleware/executor.rb:14:in `call'
actionpack (6.1.3.2) lib/action_dispatch/middleware/static.rb:24:in `call'
rack (2.2.3) lib/rack/sendfile.rb:110:in `call'
actionpack (6.1.3.2) lib/action_dispatch/middleware/host_authorization.rb:98:in `call'
rack-cors (1.1.1) lib/rack/cors.rb:100:in `call'
railties (6.1.3.2) lib/rails/engine.rb:539:in `call'
puma (5.3.2) lib/puma/configuration.rb:249:in `call'
puma (5.3.2) lib/puma/request.rb:77:in `block in handle_request'
puma (5.3.2) lib/puma/thread_pool.rb:338:in `with_force_shutdown'
puma (5.3.2) lib/puma/request.rb:76:in `handle_request'
puma (5.3.2) lib/puma/server.rb:438:in `process_client'
puma (5.3.2) lib/puma/thread_pool.rb:145:in `block in spawn_thread'
  [1m[35m (0.6ms)[0m  [1m[34mSELECT pg_try_advisory_lock(1087325618115650655)[0m
  [1m[35m (0.7ms)[0m  [1m[34mSELECT "schema_migrations"."version" FROM "schema_migrations" ORDER BY "schema_migrations"."version" ASC[0m
Migrating to CreateUsers (20220121162353)
  [1m[36mTRANSACTION (0.2ms)[0m  [1m[35mBEGIN[0m
  [1m[35m (10.2ms)[0m  [1m[35mCREATE TABLE "users" ("id" bigserial primary key, "username" character varying, "password_digest" character varying, "email" character varying, "created_at" timestamp(6) NOT NULL, "updated_at" timestamp(6) NOT NULL)[0m
  [1m[36mActiveRecord::SchemaMigration Create (2.9ms)[0m  [1m[32mINSERT INTO "schema_migrations" ("version") VALUES ($1) RETURNING "version"[0m  [["version", "20220121162353"]]
  [1m[36mTRANSACTION (0.8ms)[0m  [1m[35mCOMMIT[0m
  [1m[36mActiveRecord::InternalMetadata Load (0.4ms)[0m  [1m[34mSELECT "ar_internal_metadata".* FROM "ar_internal_metadata" WHERE "ar_internal_metadata"."key" = $1 LIMIT $2[0m  [["key", "environment"], ["LIMIT", 1]]
  [1m[36mTRANSACTION (0.2ms)[0m  [1m[35mBEGIN[0m
  [1m[36mActiveRecord::InternalMetadata Create (1.5ms)[0m  [1m[32mINSERT INTO "ar_internal_metadata" ("key", "value", "created_at", "updated_at") VALUES ($1, $2, $3, $4) RETURNING "key"[0m  [["key", "environment"], ["value", "development"], ["created_at", "2022-01-21 18:39:13.221632"], ["updated_at", "2022-01-21 18:39:13.221632"]]
  [1m[36mTRANSACTION (0.8ms)[0m  [1m[35mCOMMIT[0m
  [1m[35m (0.2ms)[0m  [1m[34mSELECT pg_advisory_unlock(1087325618115650655)[0m
  [1m[35m (1.2ms)[0m  [1m[34mSELECT "schema_migrations"."version" FROM "schema_migrations" ORDER BY "schema_migrations"."version" ASC[0m
Started GET "/" for ::1 at 2022-01-21 11:39:19 -0700
  [1m[35m (0.9ms)[0m  [1m[34mSELECT "schema_migrations"."version" FROM "schema_migrations" ORDER BY "schema_migrations"."version" ASC[0m
Processing by Rails::WelcomeController#index as HTML
  Rendering /Users/Ian/.rvm/gems/ruby-2.7.4/gems/railties-6.1.3.2/lib/rails/templates/rails/welcome/index.html.erb
  Rendered /Users/Ian/.rvm/gems/ruby-2.7.4/gems/railties-6.1.3.2/lib/rails/templates/rails/welcome/index.html.erb (Duration: 7.8ms | Allocations: 294)
Completed 200 OK in 18ms (Views: 10.1ms | ActiveRecord: 0.0ms | Allocations: 2689)


Started GET "/api/v1/users" for ::1 at 2022-01-21 11:39:31 -0700
Processing by FallbackController#index as HTML
  Parameters: {"path"=>"api/v1/users"}
Completed 500 Internal Server Error in 2ms (ActiveRecord: 0.0ms | Allocations: 345)


  
ArgumentError (`render file:` should be given the absolute path to a file. 'public/index.html' was given instead):
  
app/controllers/fallback_controller.rb:7:in `index'
Started GET "/api/v1/users" for ::1 at 2022-01-21 11:40:07 -0700
Processing by FallbackController#index as HTML
  Parameters: {"path"=>"api/v1/users"}
Completed 500 Internal Server Error in 1ms (ActiveRecord: 0.0ms | Allocations: 357)


  
ArgumentError (`render file:` should be given the absolute path to a file. 'public/index.html' was given instead):
  
app/controllers/fallback_controller.rb:7:in `index'
Started GET "/api/v1/users" for ::1 at 2022-01-21 11:41:42 -0700
  
ActionController::RoutingError (No route matches [GET] "/api/v1/users"):
  
Started PATCH "/api/v1/login" for ::1 at 2022-01-24 10:55:32 -0700
  
SyntaxError (/Users/Ian/Development/code/mod4/activity_tracker/leg_up_activity_app/config/routes.rb:7: syntax error, unexpected ':', expecting `end'
      get: '/profile', to: 'users#profi...
         ^
/Users/Ian/Development/code/mod4/activity_tracker/leg_up_activity_app/config/routes.rb:7: syntax error, unexpected ',', expecting `end'
      get: '/profile', to: 'users#profile' 
                     ^
/Users/Ian/Development/code/mod4/activity_tracker/leg_up_activity_app/config/routes.rb:9: syntax error, unexpected `end', expecting end-of-input
  end
  ^~~
):
  
config/routes.rb:7: syntax error, unexpected ':', expecting `end'
config/routes.rb:7: syntax error, unexpected ',', expecting `end'
config/routes.rb:9: syntax error, unexpected `end', expecting end-of-input
config/routes.rb:7: syntax error, unexpected ':', expecting `end'
config/routes.rb:7: syntax error, unexpected ',', expecting `end'
config/routes.rb:9: syntax error, unexpected `end', expecting end-of-input
Error occurred while parsing request parameters.
Contents:

{
    "user" {
        "username" : "ian",
        "password": "nonyabuziness"
    }
}
Started PATCH "/api/v1/login" for ::1 at 2022-01-24 10:55:51 -0700
  [1m[35m (1.7ms)[0m  [1m[34mSELECT "schema_migrations"."version" FROM "schema_migrations" ORDER BY "schema_migrations"."version" ASC[0m
  
ActionController::RoutingError (No route matches [PATCH] "/api/v1/login"):
  
Started PATCH "/api/v1/login" for ::1 at 2022-01-24 10:56:41 -0700
  
SyntaxError (/Users/Ian/Development/code/mod4/activity_tracker/leg_up_activity_app/config/routes.rb:7: syntax error, unexpected ':', expecting `end'
      get: '/profile', to: 'users#profi...
         ^
/Users/Ian/Development/code/mod4/activity_tracker/leg_up_activity_app/config/routes.rb:7: syntax error, unexpected ',', expecting `end'
      get: '/profile', to: 'users#profile' 
                     ^
/Users/Ian/Development/code/mod4/activity_tracker/leg_up_activity_app/config/routes.rb:9: syntax error, unexpected `end', expecting end-of-input
  end
  ^~~
):
  
config/routes.rb:7: syntax error, unexpected ':', expecting `end'
config/routes.rb:7: syntax error, unexpected ',', expecting `end'
config/routes.rb:9: syntax error, unexpected `end', expecting end-of-input
config/routes.rb:7: syntax error, unexpected ':', expecting `end'
config/routes.rb:7: syntax error, unexpected ',', expecting `end'
config/routes.rb:9: syntax error, unexpected `end', expecting end-of-input
Started PATCH "/api/v1/login" for ::1 at 2022-01-24 10:57:19 -0700
  
ActionController::RoutingError (No route matches [PATCH] "/api/v1/login"):
  
Started GET "/api/v1/login" for ::1 at 2022-01-24 10:58:01 -0700
  
ActionController::RoutingError (No route matches [GET] "/api/v1/login"):
  
Started POST "/api/v1/login" for ::1 at 2022-01-24 10:58:09 -0700
  
SyntaxError (/Users/Ian/Development/code/mod4/activity_tracker/leg_up_activity_app/app/controllers/api/v1/auth_controller.rb:8: syntax error, unexpected '}', expecting `end'
...wt: token }, status: :accepted}
...                              ^
/Users/Ian/Development/code/mod4/activity_tracker/leg_up_activity_app/app/controllers/api/v1/auth_controller.rb:10: syntax error, unexpected '}', expecting '}'
...e: "Invalid password/username"}, status: :unauthorized
...                              ^
):
  
app/controllers/api/v1/auth_controller.rb:8: syntax error, unexpected '}', expecting `end'
app/controllers/api/v1/auth_controller.rb:10: syntax error, unexpected '}', expecting '}'
app/controllers/api/v1/auth_controller.rb:8: syntax error, unexpected '}', expecting `end'
app/controllers/api/v1/auth_controller.rb:10: syntax error, unexpected '}', expecting '}'
Started GET "/api/v1/profile" for ::1 at 2022-01-24 10:58:21 -0700
  
SyntaxError (/Users/Ian/Development/code/mod4/activity_tracker/leg_up_activity_app/app/controllers/api/v1/users_controller.rb:8: syntax error, unexpected '}', expecting `end'
...jwt: token }, status: :created}
...                              ^
/Users/Ian/Development/code/mod4/activity_tracker/leg_up_activity_app/app/controllers/api/v1/users_controller.rb:10: syntax error, unexpected '}', expecting '}'
...rror: "Could not create user!"}, status: :unprocessable_enti...
...                              ^
/Users/Ian/Development/code/mod4/activity_tracker/leg_up_activity_app/app/controllers/api/v1/users_controller.rb:23: syntax error, unexpected `end', expecting end-of-input):
  
app/controllers/api/v1/users_controller.rb:8: syntax error, unexpected '}', expecting `end'
app/controllers/api/v1/users_controller.rb:10: syntax error, unexpected '}', expecting '}'
app/controllers/api/v1/users_controller.rb:23: syntax error, unexpected `end', expecting end-of-input
app/controllers/api/v1/users_controller.rb:8: syntax error, unexpected '}', expecting `end'
app/controllers/api/v1/users_controller.rb:10: syntax error, unexpected '}', expecting '}'
app/controllers/api/v1/users_controller.rb:23: syntax error, unexpected `end', expecting end-of-input
Started GET "/api/v1/profile" for ::1 at 2022-01-24 11:00:25 -0700
  
SyntaxError (/Users/Ian/Development/code/mod4/activity_tracker/leg_up_activity_app/app/controllers/api/v1/users_controller.rb:8: syntax error, unexpected '}', expecting `end'
... jwt: token}, status: :created}
...                              ^
/Users/Ian/Development/code/mod4/activity_tracker/leg_up_activity_app/app/controllers/api/v1/users_controller.rb:10: syntax error, unexpected '}', expecting '}'
...rror: "Could not create user!"}, status: :unprocessable_enti...
...                              ^
/Users/Ian/Development/code/mod4/activity_tracker/leg_up_activity_app/app/controllers/api/v1/users_controller.rb:23: syntax error, unexpected `end', expecting end-of-input):
  
app/controllers/api/v1/users_controller.rb:8: syntax error, unexpected '}', expecting `end'
app/controllers/api/v1/users_controller.rb:10: syntax error, unexpected '}', expecting '}'
app/controllers/api/v1/users_controller.rb:23: syntax error, unexpected `end', expecting end-of-input
app/controllers/api/v1/users_controller.rb:8: syntax error, unexpected '}', expecting `end'
app/controllers/api/v1/users_controller.rb:10: syntax error, unexpected '}', expecting '}'
app/controllers/api/v1/users_controller.rb:23: syntax error, unexpected `end', expecting end-of-input
Started GET "/api/v1/profile" for ::1 at 2022-01-24 11:00:36 -0700
  
SyntaxError (/Users/Ian/Development/code/mod4/activity_tracker/leg_up_activity_app/app/controllers/api/v1/users_controller.rb:8: syntax error, unexpected '}', expecting `end'
... jwt: token}, status: :created}
...                              ^
/Users/Ian/Development/code/mod4/activity_tracker/leg_up_activity_app/app/controllers/api/v1/users_controller.rb:10: syntax error, unexpected '}', expecting '}'
...rror: "Could not create user!"}, status: :unprocessable_enti...
...                              ^
):
  
app/controllers/api/v1/users_controller.rb:8: syntax error, unexpected '}', expecting `end'
app/controllers/api/v1/users_controller.rb:10: syntax error, unexpected '}', expecting '}'
app/controllers/api/v1/users_controller.rb:8: syntax error, unexpected '}', expecting `end'
app/controllers/api/v1/users_controller.rb:10: syntax error, unexpected '}', expecting '}'
Started GET "/api/v1/profile" for ::1 at 2022-01-24 11:00:48 -0700
  
SyntaxError (/Users/Ian/Development/code/mod4/activity_tracker/leg_up_activity_app/app/controllers/api/v1/users_controller.rb:8: syntax error, unexpected '}', expecting `end'
... jwt: token}, status: :created}
...                              ^
/Users/Ian/Development/code/mod4/activity_tracker/leg_up_activity_app/app/controllers/api/v1/users_controller.rb:10: syntax error, unexpected '}', expecting '}'
...rror: "Could not create user!"}, status: :unprocessable_enti...
...                              ^
):
  
app/controllers/api/v1/users_controller.rb:8: syntax error, unexpected '}', expecting `end'
app/controllers/api/v1/users_controller.rb:10: syntax error, unexpected '}', expecting '}'
app/controllers/api/v1/users_controller.rb:8: syntax error, unexpected '}', expecting `end'
app/controllers/api/v1/users_controller.rb:10: syntax error, unexpected '}', expecting '}'
Started GET "/api/v1/profile" for ::1 at 2022-01-24 11:01:06 -0700
  
SyntaxError (/Users/Ian/Development/code/mod4/activity_tracker/leg_up_activity_app/app/controllers/api/v1/users_controller.rb:8: syntax error, unexpected '}', expecting `end'
... jwt: token}, status: :created}
...                              ^
/Users/Ian/Development/code/mod4/activity_tracker/leg_up_activity_app/app/controllers/api/v1/users_controller.rb:10: syntax error, unexpected '}', expecting '}'
...rror: "Could not create user!"}, status: :unprocessable_enti...
...                              ^
):
  
app/controllers/api/v1/users_controller.rb:8: syntax error, unexpected '}', expecting `end'
app/controllers/api/v1/users_controller.rb:10: syntax error, unexpected '}', expecting '}'
app/controllers/api/v1/users_controller.rb:8: syntax error, unexpected '}', expecting `end'
app/controllers/api/v1/users_controller.rb:10: syntax error, unexpected '}', expecting '}'
Started GET "/api/v1/profile" for ::1 at 2022-01-24 11:24:38 -0700
Processing by Api::V1::UsersController#profile as */*
  Parameters: {"user"=>{"username"=>"ian", "password"=>"[FILTERED]"}}
[active_model_serializers] Rendered ActiveModel::Serializer::Null with Hash (0.06ms)
Filter chain halted as :authorized rendered or redirected
Completed 401 Unauthorized in 3ms (Views: 2.9ms | Allocations: 690)


